#
# A fatal error has been detected by the Java Runtime Environment:
#
#  EXCEPTION_ACCESS_VIOLATION (0xc0000005) at pc=0x000002460db804bd, pid=9292, tid=11712
#
# JRE version: Java(TM) SE Runtime Environment (20.0.1+9) (build 20.0.1+9-29)
# Java VM: Java HotSpot(TM) 64-Bit Server VM (20.0.1+9-29, mixed mode, emulated-client, sharing, tiered, compressed oops, compressed class ptrs, g1 gc, windows-amd64)
# Problematic frame:
# j  javax.persistence.Persistence.<clinit>()V+-856314752
#
# No core dump will be written. Minidumps are not enabled by default on client versions of Windows
#
# If you would like to submit a bug report, please visit:
#   https://bugreport.java.com/bugreport/crash.jsp
#

---------------  S U M M A R Y ------------

Command Line: -XX:TieredStopAtLevel=1 -Xverify:none -Dspring.output.ansi.enabled=always -Dcom.sun.management.jmxremote -Dspring.jmx.enabled=true -Dspring.liveBeansView.mbeanDomain -Dspring.application.admin.enabled=true -javaagent:C:\Program Files\JetBrains\IntelliJ IDEA 2022.1.1\lib\idea_rt.jar=58870:C:\Program Files\JetBrains\IntelliJ IDEA 2022.1.1\bin -Dfile.encoding=UTF-8 com.example.assurozelo.AssuroZeloApplication

Host: Intel(R) Core(TM) i5-7300HQ CPU @ 2.50GHz, 4 cores, 5G,  Windows 10 , 64 bit Build 19041 (10.0.19041.3636)
Time: Mon Dec 18 16:11:30 2023 Paris, Madrid elapsed time: 3.222068 seconds (0d 0h 0m 3s)

---------------  T H R E A D  ---------------

Current thread (0x000002461a317900):  JavaThread "background-preinit" [_thread_in_Java, id=11712, stack(0x000000a7e2a00000,0x000000a7e2b00000)]

Stack: [0x000000a7e2a00000,0x000000a7e2b00000],  sp=0x000000a7e2afe3c8,  free space=1016k
Native frames: (J=compiled Java code, j=interpreted, Vv=VM code, C=native code)
C  0x000002460db804bd


siginfo: EXCEPTION_ACCESS_VIOLATION (0xc0000005), reading address 0x00000008840f0d9e


Registers:
RAX=0x00000000e2afe3c0, RBX=0x00000000000000e8, RCX=0x0000000000000002, RDX=0x000002460db5100d
RSP=0x000000a7e2afe3c8, RBP=0x000000a7e2afe408, RSI=0x000000a7e2afe7b0, RDI=0x00000008840f0cfa
R8 =0x0000000000000005, R9 =0x0000000000000005, R10=0x0000000800000000, R11=0x0000024615ba3740
R12=0x0000000000000000, R13=0x0000024615ba3741, R14=0x000000a7e2afe410, R15=0x000002461a317900
RIP=0x000002460db804bd, EFLAGS=0x0000000000010206


Register to memory mapping:

RIP=0x000002460db804bd is at code_begin+61 in an Interpreter codelet
return_register_finalizer  232 return_register_finalizer  [0x000002460db80480, 0x000002460db808a0]  1056 bytes
RAX=0x00000000e2afe3c0 is an unallocated location in the heap
RBX=0x00000000000000e8 is an unknown value
RCX=0x0000000000000002 is an unknown value
RDX=0x000002460db5100d is at begin+186 in a stub
StubRoutines::call_stub [0x000002460db50f53, 0x000002460db510c1] (366 bytes)
RSP=0x000000a7e2afe3c8 is pointing into the stack for thread: 0x000002461a317900
RBP=0x000000a7e2afe408 is pointing into the stack for thread: 0x000002461a317900
RSI=0x000000a7e2afe7b0 is pointing into the stack for thread: 0x000002461a317900
RDI=0x00000008840f0cfa is an unknown value
R8 =0x0000000000000005 is an unknown value
R9 =0x0000000000000005 is an unknown value
R10=0x0000000800000000 is pointing into metadata
R11={method} {0x0000024615ba3748} '<clinit>' '()V' in 'javax/persistence/Persistence'
R12=0x0 is NULL
R13=0x0000024615ba3741 is pointing into metadata
R14=0x000000a7e2afe410 is pointing into the stack for thread: 0x000002461a317900
R15=0x000002461a317900 is a thread


Top of Stack: (sp=0x000000a7e2afe3c8)
0x000000a7e2afe3c8:   00000000e2afe3c0 000000a7e2afe410
0x000000a7e2afe3d8:   0000024615ba3f40 0000000000000000
0x000000a7e2afe3e8:   00000000a7757bb8 0000024615ba3740
0x000000a7e2afe3f8:   0000000000000000 000000a7e2afe418
0x000000a7e2afe408:   000000a7e2afe5f0 000002460db5100d
0x000000a7e2afe418:   527f406dec92c964 00bc238ecba833ca
0x000000a7e2afe428:   a5a970c1b0515175 2e8a609c339a81a3
0x000000a7e2afe438:   79418623cffa0eac 882abe4fa843d16f
0x000000a7e2afe448:   de9ad12c36f348b6 93703713a38f340f
0x000000a7e2afe458:   8d1b75a35ab4cb68 10cf33a4eec1df89
0x000000a7e2afe468:   9db7d16e18ab447b 081df4e7fc7741a4
0x000000a7e2afe478:   831b5266089d02b9 344b7b93e035734e
0x000000a7e2afe488:   c8a6ef4fe856f686 67e93d8d18c6954a
0x000000a7e2afe498:   4f13d3502799d250 01b91f54cd53fbd0
0x000000a7e2afe4a8:   549177b908efa05c b0e431438766068d
0x000000a7e2afe4b8:   e933928289ed981a 5ae49ce840e05b40
0x000000a7e2afe4c8:   00007ff9a7729c42 bc0515fcae47c8eb
0x000000a7e2afe4d8:   4ffd02f6350c7e90 d23e0c53c7434031
0x000000a7e2afe4e8:   e656e57b9118c67f e5c92223f8e3a457
0x000000a7e2afe4f8:   00007ff9a74998b7 8e3068e3448e3470
0x000000a7e2afe508:   1078bf4fbe3072e1 432388a6fa1410e7
0x000000a7e2afe518:   0000000000000000 0000000000000000
0x000000a7e2afe528:   0000000000000000 0000000000000000
0x000000a7e2afe538:   0000000000000000 0000000000000000
0x000000a7e2afe548:   0000000000000000 0000000000000000
0x000000a7e2afe558:   0000000000000000 0000000000000000
0x000000a7e2afe568:   0000000000000000 0000000000000000
0x000000a7e2afe578:   0000000000000000 0000000000000000
0x000000a7e2afe588:   0000000000000000 0000000000000000
0x000000a7e2afe598:   0000000000000000 0000000000000000
0x000000a7e2afe5a8:   0000000000000000 0000000000000000
0x000000a7e2afe5b8:   000000a7e2afe790 0000000000000000 

Instructions: (pc=0x000002460db804bd)
0x000002460db803bd:   48 83 c4 08 e9 0c 00 00 00 48 b8 10 c2 56 a7 f9
0x000002460db803cd:   7f 00 00 ff d0 48 83 c4 20 49 c7 87 c0 02 00 00
0x000002460db803dd:   00 00 00 00 49 c7 87 d0 02 00 00 00 00 00 00 49
0x000002460db803ed:   c7 87 c8 02 00 00 00 00 00 00 c5 f8 77 49 83 7f
0x000002460db803fd:   08 00 0f 84 05 00 00 00 e9 f6 0a fd ff 49 8b 87
0x000002460db8040d:   18 03 00 00 49 c7 87 18 03 00 00 00 00 00 00 4c
0x000002460db8041d:   8b 6d c0 4c 8b 75 c8 c3 48 ba 68 ae d7 a7 f9 7f
0x000002460db8042d:   00 00 48 8b 12 48 8b 12 48 3b d0 75 03 48 33 c0
0x000002460db8043d:   41 0f b6 5d 03 49 83 c5 03 49 ba 50 ab d6 a7 f9
0x000002460db8044d:   7f 00 00 41 ff 24 da 0f 1f 40 00 78 77 ad a7 f9
0x000002460db8045d:   7f 00 00 48 04 00 00 e8 00 00 00 00 00 00 00 00
0x000002460db8046d:   00 00 00 00 00 00 00 00 00 00 00 00 00 00 00 00
0x000002460db8047d:   00 00 00 48 83 ec 08 c5 fa 11 04 24 eb 1f 48 83
0x000002460db8048d:   ec 10 c5 fb 11 04 24 eb 14 48 83 ec 10 48 89 04
0x000002460db8049d:   24 48 c7 44 24 08 00 00 00 00 eb 01 50 49 8b 16
0x000002460db804ad:   8b 7a 08 49 ba 00 00 00 00 08 00 00 00 49 03 fa
0x000002460db804bd:   8b bf a4 00 00 00 f7 c7 00 00 00 40 0f 84 9b 00
0x000002460db804cd:   00 00 e8 05 00 00 00 e9 91 00 00 00 48 8d 44 24
0x000002460db804dd:   08 4c 89 6d c0 49 8b cf c5 f8 77 49 89 af d0 02
0x000002460db804ed:   00 00 49 89 87 c0 02 00 00 48 83 ec 20 40 f6 c4
0x000002460db804fd:   0f 0f 84 19 00 00 00 48 83 ec 08 48 b8 30 b5 56
0x000002460db8050d:   a7 f9 7f 00 00 ff d0 48 83 c4 08 e9 0c 00 00 00
0x000002460db8051d:   48 b8 30 b5 56 a7 f9 7f 00 00 ff d0 48 83 c4 20
0x000002460db8052d:   49 c7 87 c0 02 00 00 00 00 00 00 49 c7 87 d0 02
0x000002460db8053d:   00 00 00 00 00 00 49 c7 87 c8 02 00 00 00 00 00
0x000002460db8054d:   00 c5 f8 77 49 83 7f 08 00 0f 84 05 00 00 00 e9
0x000002460db8055d:   9f 09 fd ff 4c 8b 6d c0 4c 8b 75 c8 c3 49 3b af
0x000002460db8056d:   78 03 00 00 0f 87 05 00 00 00 e9 80 00 00 00 c5
0x000002460db8057d:   f8 77 49 89 af d0 02 00 00 49 ba 7c 05 b8 0d 46
0x000002460db8058d:   02 00 00 4d 89 97 c8 02 00 00 49 89 a7 c0 02 00
0x000002460db8059d:   00 49 8b cf 48 83 ec 20 40 f6 c4 0f 0f 84 19 00
0x000002460db805ad:   00 00 48 83 ec 08 48 b8 e0 8c 56 a7 f9 7f 00 00 


Stack slot to memory mapping:
stack at sp + 0 slots: 0x00000000e2afe3c0 is an unallocated location in the heap
stack at sp + 1 slots: 0x000000a7e2afe410 is pointing into the stack for thread: 0x000002461a317900
stack at sp + 2 slots: 0x0000024615ba3f40 is pointing into metadata
stack at sp + 3 slots: 0x0 is NULL
stack at sp + 4 slots: 0x00000000a7757bb8 is an oop: java.lang.Class 
{0x00000000a7757bb8} - klass: 'java/lang/Class'
 - ---- fields (total size 15 words):
 - private volatile transient 'classRedefinedCount' 'I' @12  0 (0x00000000)
 - abstract internal 'klass' 'J' @16  34378306384 (0x00000008011b5350)
 - abstract internal 'array_klass' 'J' @24  0 (0x0000000000000000)
 - abstract internal 'oop_size' 'I' @32  15 (0x0000000f)
 - abstract internal 'static_oop_field_count' 'I' @36  2 (0x00000002)
 - private volatile transient 'cachedConstructor' 'Ljava/lang/reflect/Constructor;' @40  NULL (0x00000000)
 - private transient 'name' 'Ljava/lang/String;' @44  "javax.persistence.Persistence"{0x00000000a774a580} (0xa774a580)
 - private transient 'module' 'Ljava/lang/Module;' @48  a 'java/lang/Module'{0x00000000a22b7b78} (0xa22b7b78)
 - private final 'classLoader' 'Ljava/lang/ClassLoader;' @52  a 'jdk/internal/loader/ClassLoaders$AppClassLoader'{0x00000000a2262200} (0xa2262200)
 - private transient 'classData' 'Ljava/lang/Object;' @56  NULL (0x00000000)
 - private transient 'packageName' 'Ljava/lang/String;' @60  "javax.persistence"{0x00000000a7b57fd0} (0xa7b57fd0)
 - private final 'componentType' 'Ljava/lang/Class;' @64  NULL (0x00000000)
 - private volatile transient 'reflectionData' 'Ljava/lang/ref/SoftReference;' @68  a 'java/lang/ref/SoftReference'{0x00000000a775a008} (0xa775a008)
 - private volatile transient 'genericInfo' 'Lsun/reflect/generics/repository/ClassRepository;' @72  NULL (0x00000000)
 - private volatile transient 'enumConstants' '[Ljava/lang/Object;' @76  NULL (0x00000000)
 - private volatile transient 'enumConstantDirectory' 'Ljava/util/Map;' @80  NULL (0x00000000)
 - private volatile transient 'annotationData' 'Ljava/lang/Class$AnnotationData;' @84  NULL (0x00000000)
 - private volatile transient 'annotationType' 'Lsun/reflect/annotation/AnnotationType;' @88  NULL (0x00000000)
 - transient 'classValueMap' 'Ljava/lang/ClassValue$ClassValueMap;' @92  NULL (0x00000000)
 - abstract internal 'protection_domain' 'Ljava/lang/Object;' @96  a 'java/security/ProtectionDomain'{0x00000000a7b5b3b8} (0xa7b5b3b8)
 - abstract internal 'signers_name' 'Ljava/lang/Object;' @100  NULL (0x00000000)
 - abstract internal 'source_file' 'Ljava/lang/Object;' @104  NULL (0x00000000)
 - signature: Ljavax/persistence/Persistence;
 - ---- static fields (2):
 - public static final 'PERSISTENCE_PROVIDER' 'Ljava/lang/String;' @112  "javax.persistence.spi.PeristenceProvider"{0x00000000a7757c30} (0xa7757c30)
 - protected static final 'providers' 'Ljava/util/Set;' @116  NULL (0x00000000)
stack at sp + 5 slots: {method} {0x0000024615ba3748} '<clinit>' '()V' in 'javax/persistence/Persistence'
stack at sp + 6 slots: 0x0 is NULL
stack at sp + 7 slots: 0x000000a7e2afe418 is pointing into the stack for thread: 0x000002461a317900

return_register_finalizer  232 return_register_finalizer  [0x000002460db80480, 0x000002460db808a0]  1056 bytes
[MachCode]
  0x000002460db80480: 4883 ec08 | c5fa 1104 | 24eb 1f48 | 83ec 10c5 | fb11 0424 | eb14 4883 | ec10 4889 | 0424 48c7 
  0x000002460db804a0: 4424 0800 | 0000 00eb | 0150 498b | 168b 7a08 | 49ba 0000 | 0000 0800 | 0000 4903 | fa8b bfa4 
  0x000002460db804c0: 0000 00f7 | c700 0000 | 400f 849b | 0000 00e8 | 0500 0000 | e991 0000 | 0048 8d44 | 2408 4c89 
  0x000002460db804e0: 6dc0 498b | cfc5 f877 | 4989 afd0 | 0200 0049 | 8987 c002 | 0000 4883 | ec20 40f6 | c40f 0f84 
  0x000002460db80500: 1900 0000 | 4883 ec08 | 48b8 30b5 | 56a7 f97f | 0000 ffd0 | 4883 c408 | e90c 0000 | 0048 b830 
  0x000002460db80520: b556 a7f9 | 7f00 00ff | d048 83c4 | 2049 c787 | c002 0000 | 0000 0000 | 49c7 87d0 | 0200 0000 
  0x000002460db80540: 0000 0049 | c787 c802 | 0000 0000 | 0000 c5f8 | 7749 837f | 0800 0f84 | 0500 0000 | e99f 09fd 
  0x000002460db80560: ff4c 8b6d | c04c 8b75 | c8c3 493b | af78 0300 | 000f 8705 | 0000 00e9 | 8000 0000 | c5f8 7749 
  0x000002460db80580: 89af d002 | 0000 49ba | 7c05 b80d | 4602 0000 | 4d89 97c8 | 0200 0049 | 89a7 c002 | 0000 498b 
  0x000002460db805a0: cf48 83ec | 2040 f6c4 | 0f0f 8419 | 0000 0048 | 83ec 0848 | b8e0 8c56 | a7f9 7f00 | 00ff d048 
  0x000002460db805c0: 83c4 08e9 | 0c00 0000 | 48b8 e08c | 56a7 f97f | 0000 ffd0 | 4883 c420 | 49c7 87c0 | 0200 0000 
  0x000002460db805e0: 0000 0049 | c787 d002 | 0000 0000 | 0000 49c7 | 87c8 0200 | 0000 0000 | 00c5 f877 | 418a 9fa1 
  0x000002460db80600: 0300 0041 | c687 a103 | 0000 0048 | 8b4d e88b | 4928 f6c1 | 200f 8448 | 0100 00f6 | c3ff 0f85 
  0x000002460db80620: 1602 0000 | 488d 55a8 | 488b 4208 | 4885 c00f | 85b6 0000 | 00e8 0500 | 0000 e991 | 0000 0048 
  0x000002460db80640: 8d44 2408 | 4c89 6dc0 | 498b cfc5 | f877 4989 | afd0 0200 | 0049 8987 | c002 0000 | 4883 ec20 
  0x000002460db80660: 40f6 c40f | 0f84 1900 | 0000 4883 | ec08 48b8 | 60cf 56a7 | f97f 0000 | ffd0 4883 | c408 e90c 
  0x000002460db80680: 0000 0048 | b860 cf56 | a7f9 7f00 | 00ff d048 | 83c4 2049 | c787 c002 | 0000 0000 | 0000 49c7 
  0x000002460db806a0: 87d0 0200 | 0000 0000 | 0049 c787 | c802 0000 | 0000 0000 | c5f8 7749 | 837f 0800 | 0f84 0500 
  0x000002460db806c0: 0000 e939 | 08fd ff4c | 8b6d c04c | 8b75 c8c3 | 48b9 b023 | aea7 f97f | 0000 4883 | e4f0 48b8 
  0x000002460db806e0: 2016 7aa7 | f97f 0000 | ffd0 f44c | 896d c048 | 8d02 4c8b | 4a08 48c7 | 4208 0000 | 0000 4c8b 
  0x000002460db80700: 004d 85c0 | 0f84 0b00 | 0000 f04d | 0fb1 010f | 850c 0000 | 0049 ff8f | 7804 0000 | e93e 0000 
  0x000002460db80720: 004c 894a | 0848 8bca | 4883 ec20 | 40f6 c40f | 0f84 1900 | 0000 4883 | ec08 48b8 | c0a2 56a7 
  0x000002460db80740: f97f 0000 | ffd0 4883 | c408 e90c | 0000 0048 | b8c0 a256 | a7f9 7f00 | 00ff d048 | 83c4 204c 
  0x000002460db80760: 8b6d c048 | 8b55 b848 | 8d5d b8e9 | c500 0000 | e805 0000 | 00e9 9100 | 0000 488d | 4424 084c 
  0x000002460db80780: 896d c049 | 8bcf c5f8 | 7749 89af | d002 0000 | 4989 87c0 | 0200 0048 | 83ec 2040 | f6c4 0f0f 
  0x000002460db807a0: 8419 0000 | 0048 83ec | 0848 b860 | cf56 a7f9 | 7f00 00ff | d048 83c4 | 08e9 0c00 | 0000 48b8 
  0x000002460db807c0: 60cf 56a7 | f97f 0000 | ffd0 4883 | c420 49c7 | 87c0 0200 | 0000 0000 | 0049 c787 | d002 0000 
  0x000002460db807e0: 0000 0000 | 49c7 87c8 | 0200 0000 | 0000 00c5 | f877 4983 | 7f08 000f | 8405 0000 | 00e9 fe06 
  0x000002460db80800: fdff 4c8b | 6dc0 4c8b | 75c8 c348 | b9b0 23ae | a7f9 7f00 | 0048 83e4 | f048 b820 | 167a a7f9 
  0x000002460db80820: 7f00 00ff | d0f4 4883 | 7a08 000f | 853f ffff | ff48 83c2 | 1048 3bd3 | 75ec 49ba | e109 d4a7 
  0x000002460db80840: f97f 0000 | 4180 3a00 | 0f84 3e00 | 0000 488b | 55e8 498b | cf48 83ec | 2040 f6c4 | 0f0f 8419 
  0x000002460db80860: 0000 0048 | 83ec 0848 | b8a0 068b | a7f9 7f00 | 00ff d048 | 83c4 08e9 | 0c00 0000 | 48b8 a006 
  0x000002460db80880: 8ba7 f97f | 0000 ffd0 | 4883 c420 | 488b 5df8 | c941 5d48 | 8be3 41ff | e50f 1f80 | 0000 0000 
[/MachCode]

---------------  P R O C E S S  ---------------

Threads class SMR info:
_java_thread_list=0x000002461a3bdd60, length=14, elements={
0x0000024605aa46b0, 0x0000024614e92650, 0x0000024614e94360, 0x0000024614e95570,
0x0000024614e9b3e0, 0x0000024614e9bd20, 0x0000024614e9c660, 0x0000024614e99030,
0x0000024619168030, 0x00000246192073c0, 0x000002461979dff0, 0x000002461952c090,
0x000002461990a650, 0x000002461a317900
}

Java Threads: ( => current thread )
  0x0000024605aa46b0 JavaThread "main" [_thread_blocked, id=1244, stack(0x000000a7e1200000,0x000000a7e1300000)]
  0x0000024614e92650 JavaThread "Reference Handler" daemon [_thread_blocked, id=4612, stack(0x000000a7e1900000,0x000000a7e1a00000)]
  0x0000024614e94360 JavaThread "Finalizer" daemon [_thread_blocked, id=7652, stack(0x000000a7e1a00000,0x000000a7e1b00000)]
  0x0000024614e95570 JavaThread "Signal Dispatcher" daemon [_thread_blocked, id=11072, stack(0x000000a7e1b00000,0x000000a7e1c00000)]
  0x0000024614e9b3e0 JavaThread "Attach Listener" daemon [_thread_blocked, id=10488, stack(0x000000a7e1c00000,0x000000a7e1d00000)]
  0x0000024614e9bd20 JavaThread "Service Thread" daemon [_thread_blocked, id=11764, stack(0x000000a7e1d00000,0x000000a7e1e00000)]
  0x0000024614e9c660 JavaThread "Monitor Deflation Thread" daemon [_thread_blocked, id=10280, stack(0x000000a7e1e00000,0x000000a7e1f00000)]
  0x0000024614e99030 JavaThread "C1 CompilerThread0" daemon [_thread_blocked, id=11700, stack(0x000000a7e1f00000,0x000000a7e2000000)]
  0x0000024619168030 JavaThread "Common-Cleaner" daemon [_thread_blocked, id=1128, stack(0x000000a7e2000000,0x000000a7e2100000)]
  0x00000246192073c0 JavaThread "C1 CompilerThread1" daemon [_thread_blocked, id=10276, stack(0x000000a7e2100000,0x000000a7e2200000)]
  0x000002461979dff0 JavaThread "Monitor Ctrl-Break" daemon [_thread_in_native, id=5508, stack(0x000000a7e2200000,0x000000a7e2300000)]
  0x000002461952c090 JavaThread "Notification Thread" daemon [_thread_blocked, id=8764, stack(0x000000a7e2300000,0x000000a7e2400000)]
  0x000002461990a650 JavaThread "RMI TCP Accept-0" daemon [_thread_in_native, id=11112, stack(0x000000a7e2800000,0x000000a7e2900000)]
=>0x000002461a317900 JavaThread "background-preinit" [_thread_in_Java, id=11712, stack(0x000000a7e2a00000,0x000000a7e2b00000)]

Other Threads:
  0x0000024614e709f0 VMThread "VM Thread" [stack: 0x000000a7e1800000,0x000000a7e1900000] [id=960] _threads_hazard_ptr=0x000002461a3bdd60
  0x0000024605aa53b0 WatcherThread "VM Periodic Task Thread" [stack: 0x000000a7e2900000,0x000000a7e2a00000] [id=3252]
  0x0000024605af3990 WorkerThread "GC Thread#0" [stack: 0x000000a7e1300000,0x000000a7e1400000] [id=6924]
  0x00000246198a2dd0 WorkerThread "GC Thread#1" [stack: 0x000000a7e2400000,0x000000a7e2500000] [id=10552]
  0x00000246198b7900 WorkerThread "GC Thread#2" [stack: 0x000000a7e2500000,0x000000a7e2600000] [id=10272]
  0x00000246198b9be0 WorkerThread "GC Thread#3" [stack: 0x000000a7e2600000,0x000000a7e2700000] [id=11308]
  0x0000024605b006c0 ConcurrentGCThread "G1 Main Marker" [stack: 0x000000a7e1400000,0x000000a7e1500000] [id=11884]
  0x0000024605b01890 WorkerThread "G1 Conc#0" [stack: 0x000000a7e1500000,0x000000a7e1600000] [id=5584]
  0x0000024605b5e250 ConcurrentGCThread "G1 Refine#0" [stack: 0x000000a7e1600000,0x000000a7e1700000] [id=9252]
  0x0000024614d30090 ConcurrentGCThread "G1 Service" [stack: 0x000000a7e1700000,0x000000a7e1800000] [id=4848]

Threads with active compile tasks:

VM state: not at safepoint (normal execution)

VM Mutex/Monitor currently owned by a thread:  ([mutex/lock_event])
[0x0000024605a9fb40] Compile_lock - owner thread: 0x0000024605aa46b0

Heap address: 0x00000000a1c00000, size: 1508 MB, Compressed Oops mode: 32-bit

CDS archive(s) mapped at: [0x0000000800000000-0x0000000800c60000-0x0000000800c60000), size 12976128, SharedBaseAddress: 0x0000000800000000, ArchiveRelocationMode: 0.
Compressed class space mapped at: 0x0000000801000000-0x0000000841000000, reserved size: 1073741824
Narrow klass base: 0x0000000800000000, Narrow klass shift: 0, Narrow klass range: 0x100000000

GC Precious Log:
 CardTable entry size: 512
 Card Set container configuration: InlinePtr #cards 5 size 8 Array Of Cards #cards 12 size 40 Howl #buckets 4 coarsen threshold 1843 Howl Bitmap #cards 512 size 80 coarsen threshold 460 Card regions per heap region 1 cards per card region 2048
 CPUs: 4 total, 4 available
 Memory: 6029M
 Large Page Support: Disabled
 NUMA Support: Disabled
 Compressed Oops: Enabled (32-bit)
 Heap Region Size: 1M
 Heap Min Capacity: 8M
 Heap Initial Capacity: 96M
 Heap Max Capacity: 1508M
 Pre-touch: Disabled
 Parallel Workers: 4
 Concurrent Workers: 1
 Concurrent Refinement Workers: 4
 Periodic GC: Disabled

Heap:
 garbage-first heap   total 98304K, used 18725K [0x00000000a1c00000, 0x0000000100000000)
  region size 1024K, 10 young (10240K), 2 survivors (2048K)
 Metaspace       used 12987K, committed 13312K, reserved 1114112K
  class space    used 1729K, committed 1856K, reserved 1048576K

Heap Regions: E=young(eden), S=young(survivor), O=old, HS=humongous(starts), HC=humongous(continues), CS=collection set, F=free, OA=open archive, CA=closed archive, TAMS=top-at-mark-start, PB=parsable bottom
|   0|0x00000000a1c00000, 0x00000000a1d00000, 0x00000000a1d00000|100%| O|  |TAMS 0x00000000a1c00000| PB 0x00000000a1c00000| Untracked 
|   1|0x00000000a1d00000, 0x00000000a1e00000, 0x00000000a1e00000|100%| O|  |TAMS 0x00000000a1d00000| PB 0x00000000a1d00000| Untracked 
|   2|0x00000000a1e00000, 0x00000000a1f00000, 0x00000000a1f00000|100%| O|  |TAMS 0x00000000a1e00000| PB 0x00000000a1e00000| Untracked 
|   3|0x00000000a1f00000, 0x00000000a2000000, 0x00000000a2000000|100%| O|  |TAMS 0x00000000a1f00000| PB 0x00000000a1f00000| Untracked 
|   4|0x00000000a2000000, 0x00000000a2100000, 0x00000000a2100000|100%| O|  |TAMS 0x00000000a2000000| PB 0x00000000a2000000| Untracked 
|   5|0x00000000a2100000, 0x00000000a2200000, 0x00000000a2200000|100%| O|  |TAMS 0x00000000a2100000| PB 0x00000000a2100000| Untracked 
|   6|0x00000000a2200000, 0x00000000a2300000, 0x00000000a2300000|100%| O|  |TAMS 0x00000000a2200000| PB 0x00000000a2200000| Untracked 
|   7|0x00000000a2300000, 0x00000000a2400000, 0x00000000a2400000|100%| O|  |TAMS 0x00000000a2300000| PB 0x00000000a2300000| Untracked 
|   8|0x00000000a2400000, 0x00000000a2500000, 0x00000000a2500000|100%| O|  |TAMS 0x00000000a2400000| PB 0x00000000a2400000| Untracked 
|   9|0x00000000a2500000, 0x00000000a2549600, 0x00000000a2600000| 28%| O|  |TAMS 0x00000000a2500000| PB 0x00000000a2500000| Untracked 
|  10|0x00000000a2600000, 0x00000000a2600000, 0x00000000a2700000|  0%| F|  |TAMS 0x00000000a2600000| PB 0x00000000a2600000| Untracked 
|  11|0x00000000a2700000, 0x00000000a2700000, 0x00000000a2800000|  0%| F|  |TAMS 0x00000000a2700000| PB 0x00000000a2700000| Untracked 
|  12|0x00000000a2800000, 0x00000000a2800000, 0x00000000a2900000|  0%| F|  |TAMS 0x00000000a2800000| PB 0x00000000a2800000| Untracked 
|  13|0x00000000a2900000, 0x00000000a2900000, 0x00000000a2a00000|  0%| F|  |TAMS 0x00000000a2900000| PB 0x00000000a2900000| Untracked 
|  14|0x00000000a2a00000, 0x00000000a2a00000, 0x00000000a2b00000|  0%| F|  |TAMS 0x00000000a2a00000| PB 0x00000000a2a00000| Untracked 
|  15|0x00000000a2b00000, 0x00000000a2b00000, 0x00000000a2c00000|  0%| F|  |TAMS 0x00000000a2b00000| PB 0x00000000a2b00000| Untracked 
|  16|0x00000000a2c00000, 0x00000000a2c00000, 0x00000000a2d00000|  0%| F|  |TAMS 0x00000000a2c00000| PB 0x00000000a2c00000| Untracked 
|  17|0x00000000a2d00000, 0x00000000a2d00000, 0x00000000a2e00000|  0%| F|  |TAMS 0x00000000a2d00000| PB 0x00000000a2d00000| Untracked 
|  18|0x00000000a2e00000, 0x00000000a2e00000, 0x00000000a2f00000|  0%| F|  |TAMS 0x00000000a2e00000| PB 0x00000000a2e00000| Untracked 
|  19|0x00000000a2f00000, 0x00000000a2f00000, 0x00000000a3000000|  0%| F|  |TAMS 0x00000000a2f00000| PB 0x00000000a2f00000| Untracked 
|  20|0x00000000a3000000, 0x00000000a3000000, 0x00000000a3100000|  0%| F|  |TAMS 0x00000000a3000000| PB 0x00000000a3000000| Untracked 
|  21|0x00000000a3100000, 0x00000000a3100000, 0x00000000a3200000|  0%| F|  |TAMS 0x00000000a3100000| PB 0x00000000a3100000| Untracked 
|  22|0x00000000a3200000, 0x00000000a3200000, 0x00000000a3300000|  0%| F|  |TAMS 0x00000000a3200000| PB 0x00000000a3200000| Untracked 
|  23|0x00000000a3300000, 0x00000000a3300000, 0x00000000a3400000|  0%| F|  |TAMS 0x00000000a3300000| PB 0x00000000a3300000| Untracked 
|  24|0x00000000a3400000, 0x00000000a3400000, 0x00000000a3500000|  0%| F|  |TAMS 0x00000000a3400000| PB 0x00000000a3400000| Untracked 
|  25|0x00000000a3500000, 0x00000000a3500000, 0x00000000a3600000|  0%| F|  |TAMS 0x00000000a3500000| PB 0x00000000a3500000| Untracked 
|  26|0x00000000a3600000, 0x00000000a3600000, 0x00000000a3700000|  0%| F|  |TAMS 0x00000000a3600000| PB 0x00000000a3600000| Untracked 
|  27|0x00000000a3700000, 0x00000000a3700000, 0x00000000a3800000|  0%| F|  |TAMS 0x00000000a3700000| PB 0x00000000a3700000| Untracked 
|  28|0x00000000a3800000, 0x00000000a3800000, 0x00000000a3900000|  0%| F|  |TAMS 0x00000000a3800000| PB 0x00000000a3800000| Untracked 
|  29|0x00000000a3900000, 0x00000000a3900000, 0x00000000a3a00000|  0%| F|  |TAMS 0x00000000a3900000| PB 0x00000000a3900000| Untracked 
|  30|0x00000000a3a00000, 0x00000000a3a00000, 0x00000000a3b00000|  0%| F|  |TAMS 0x00000000a3a00000| PB 0x00000000a3a00000| Untracked 
|  31|0x00000000a3b00000, 0x00000000a3b00000, 0x00000000a3c00000|  0%| F|  |TAMS 0x00000000a3b00000| PB 0x00000000a3b00000| Untracked 
|  32|0x00000000a3c00000, 0x00000000a3c00000, 0x00000000a3d00000|  0%| F|  |TAMS 0x00000000a3c00000| PB 0x00000000a3c00000| Untracked 
|  33|0x00000000a3d00000, 0x00000000a3d00000, 0x00000000a3e00000|  0%| F|  |TAMS 0x00000000a3d00000| PB 0x00000000a3d00000| Untracked 
|  34|0x00000000a3e00000, 0x00000000a3e00000, 0x00000000a3f00000|  0%| F|  |TAMS 0x00000000a3e00000| PB 0x00000000a3e00000| Untracked 
|  35|0x00000000a3f00000, 0x00000000a3f00000, 0x00000000a4000000|  0%| F|  |TAMS 0x00000000a3f00000| PB 0x00000000a3f00000| Untracked 
|  36|0x00000000a4000000, 0x00000000a4000000, 0x00000000a4100000|  0%| F|  |TAMS 0x00000000a4000000| PB 0x00000000a4000000| Untracked 
|  37|0x00000000a4100000, 0x00000000a4100000, 0x00000000a4200000|  0%| F|  |TAMS 0x00000000a4100000| PB 0x00000000a4100000| Untracked 
|  38|0x00000000a4200000, 0x00000000a4200000, 0x00000000a4300000|  0%| F|  |TAMS 0x00000000a4200000| PB 0x00000000a4200000| Untracked 
|  39|0x00000000a4300000, 0x00000000a4300000, 0x00000000a4400000|  0%| F|  |TAMS 0x00000000a4300000| PB 0x00000000a4300000| Untracked 
|  40|0x00000000a4400000, 0x00000000a4400000, 0x00000000a4500000|  0%| F|  |TAMS 0x00000000a4400000| PB 0x00000000a4400000| Untracked 
|  41|0x00000000a4500000, 0x00000000a4500000, 0x00000000a4600000|  0%| F|  |TAMS 0x00000000a4500000| PB 0x00000000a4500000| Untracked 
|  42|0x00000000a4600000, 0x00000000a4600000, 0x00000000a4700000|  0%| F|  |TAMS 0x00000000a4600000| PB 0x00000000a4600000| Untracked 
|  43|0x00000000a4700000, 0x00000000a4700000, 0x00000000a4800000|  0%| F|  |TAMS 0x00000000a4700000| PB 0x00000000a4700000| Untracked 
|  44|0x00000000a4800000, 0x00000000a4800000, 0x00000000a4900000|  0%| F|  |TAMS 0x00000000a4800000| PB 0x00000000a4800000| Untracked 
|  45|0x00000000a4900000, 0x00000000a4900000, 0x00000000a4a00000|  0%| F|  |TAMS 0x00000000a4900000| PB 0x00000000a4900000| Untracked 
|  46|0x00000000a4a00000, 0x00000000a4a00000, 0x00000000a4b00000|  0%| F|  |TAMS 0x00000000a4a00000| PB 0x00000000a4a00000| Untracked 
|  47|0x00000000a4b00000, 0x00000000a4b00000, 0x00000000a4c00000|  0%| F|  |TAMS 0x00000000a4b00000| PB 0x00000000a4b00000| Untracked 
|  48|0x00000000a4c00000, 0x00000000a4c00000, 0x00000000a4d00000|  0%| F|  |TAMS 0x00000000a4c00000| PB 0x00000000a4c00000| Untracked 
|  49|0x00000000a4d00000, 0x00000000a4d00000, 0x00000000a4e00000|  0%| F|  |TAMS 0x00000000a4d00000| PB 0x00000000a4d00000| Untracked 
|  50|0x00000000a4e00000, 0x00000000a4e00000, 0x00000000a4f00000|  0%| F|  |TAMS 0x00000000a4e00000| PB 0x00000000a4e00000| Untracked 
|  51|0x00000000a4f00000, 0x00000000a4f00000, 0x00000000a5000000|  0%| F|  |TAMS 0x00000000a4f00000| PB 0x00000000a4f00000| Untracked 
|  52|0x00000000a5000000, 0x00000000a5000000, 0x00000000a5100000|  0%| F|  |TAMS 0x00000000a5000000| PB 0x00000000a5000000| Untracked 
|  53|0x00000000a5100000, 0x00000000a5100000, 0x00000000a5200000|  0%| F|  |TAMS 0x00000000a5100000| PB 0x00000000a5100000| Untracked 
|  54|0x00000000a5200000, 0x00000000a5200000, 0x00000000a5300000|  0%| F|  |TAMS 0x00000000a5200000| PB 0x00000000a5200000| Untracked 
|  55|0x00000000a5300000, 0x00000000a5300000, 0x00000000a5400000|  0%| F|  |TAMS 0x00000000a5300000| PB 0x00000000a5300000| Untracked 
|  56|0x00000000a5400000, 0x00000000a5400000, 0x00000000a5500000|  0%| F|  |TAMS 0x00000000a5400000| PB 0x00000000a5400000| Untracked 
|  57|0x00000000a5500000, 0x00000000a5500000, 0x00000000a5600000|  0%| F|  |TAMS 0x00000000a5500000| PB 0x00000000a5500000| Untracked 
|  58|0x00000000a5600000, 0x00000000a5600000, 0x00000000a5700000|  0%| F|  |TAMS 0x00000000a5600000| PB 0x00000000a5600000| Untracked 
|  59|0x00000000a5700000, 0x00000000a5700000, 0x00000000a5800000|  0%| F|  |TAMS 0x00000000a5700000| PB 0x00000000a5700000| Untracked 
|  60|0x00000000a5800000, 0x00000000a5800000, 0x00000000a5900000|  0%| F|  |TAMS 0x00000000a5800000| PB 0x00000000a5800000| Untracked 
|  61|0x00000000a5900000, 0x00000000a5900000, 0x00000000a5a00000|  0%| F|  |TAMS 0x00000000a5900000| PB 0x00000000a5900000| Untracked 
|  62|0x00000000a5a00000, 0x00000000a5a00000, 0x00000000a5b00000|  0%| F|  |TAMS 0x00000000a5a00000| PB 0x00000000a5a00000| Untracked 
|  63|0x00000000a5b00000, 0x00000000a5b00000, 0x00000000a5c00000|  0%| F|  |TAMS 0x00000000a5b00000| PB 0x00000000a5b00000| Untracked 
|  64|0x00000000a5c00000, 0x00000000a5c00000, 0x00000000a5d00000|  0%| F|  |TAMS 0x00000000a5c00000| PB 0x00000000a5c00000| Untracked 
|  65|0x00000000a5d00000, 0x00000000a5d00000, 0x00000000a5e00000|  0%| F|  |TAMS 0x00000000a5d00000| PB 0x00000000a5d00000| Untracked 
|  66|0x00000000a5e00000, 0x00000000a5e00000, 0x00000000a5f00000|  0%| F|  |TAMS 0x00000000a5e00000| PB 0x00000000a5e00000| Untracked 
|  67|0x00000000a5f00000, 0x00000000a5f00000, 0x00000000a6000000|  0%| F|  |TAMS 0x00000000a5f00000| PB 0x00000000a5f00000| Untracked 
|  68|0x00000000a6000000, 0x00000000a6000000, 0x00000000a6100000|  0%| F|  |TAMS 0x00000000a6000000| PB 0x00000000a6000000| Untracked 
|  69|0x00000000a6100000, 0x00000000a6100000, 0x00000000a6200000|  0%| F|  |TAMS 0x00000000a6100000| PB 0x00000000a6100000| Untracked 
|  70|0x00000000a6200000, 0x00000000a6200000, 0x00000000a6300000|  0%| F|  |TAMS 0x00000000a6200000| PB 0x00000000a6200000| Untracked 
|  71|0x00000000a6300000, 0x00000000a6400000, 0x00000000a6400000|100%| S|CS|TAMS 0x00000000a6300000| PB 0x00000000a6300000| Complete 
|  72|0x00000000a6400000, 0x00000000a6500000, 0x00000000a6500000|100%| S|CS|TAMS 0x00000000a6400000| PB 0x00000000a6400000| Complete 
|  73|0x00000000a6500000, 0x00000000a6500000, 0x00000000a6600000|  0%| F|  |TAMS 0x00000000a6500000| PB 0x00000000a6500000| Untracked 
|  74|0x00000000a6600000, 0x00000000a6600000, 0x00000000a6700000|  0%| F|  |TAMS 0x00000000a6600000| PB 0x00000000a6600000| Untracked 
|  75|0x00000000a6700000, 0x00000000a6700000, 0x00000000a6800000|  0%| F|  |TAMS 0x00000000a6700000| PB 0x00000000a6700000| Untracked 
|  76|0x00000000a6800000, 0x00000000a6800000, 0x00000000a6900000|  0%| F|  |TAMS 0x00000000a6800000| PB 0x00000000a6800000| Untracked 
|  77|0x00000000a6900000, 0x00000000a6900000, 0x00000000a6a00000|  0%| F|  |TAMS 0x00000000a6900000| PB 0x00000000a6900000| Untracked 
|  78|0x00000000a6a00000, 0x00000000a6a00000, 0x00000000a6b00000|  0%| F|  |TAMS 0x00000000a6a00000| PB 0x00000000a6a00000| Untracked 
|  79|0x00000000a6b00000, 0x00000000a6b00000, 0x00000000a6c00000|  0%| F|  |TAMS 0x00000000a6b00000| PB 0x00000000a6b00000| Untracked 
|  80|0x00000000a6c00000, 0x00000000a6c00000, 0x00000000a6d00000|  0%| F|  |TAMS 0x00000000a6c00000| PB 0x00000000a6c00000| Untracked 
|  81|0x00000000a6d00000, 0x00000000a6d00000, 0x00000000a6e00000|  0%| F|  |TAMS 0x00000000a6d00000| PB 0x00000000a6d00000| Untracked 
|  82|0x00000000a6e00000, 0x00000000a6e00000, 0x00000000a6f00000|  0%| F|  |TAMS 0x00000000a6e00000| PB 0x00000000a6e00000| Untracked 
|  83|0x00000000a6f00000, 0x00000000a6f00000, 0x00000000a7000000|  0%| F|  |TAMS 0x00000000a6f00000| PB 0x00000000a6f00000| Untracked 
|  84|0x00000000a7000000, 0x00000000a7000000, 0x00000000a7100000|  0%| F|  |TAMS 0x00000000a7000000| PB 0x00000000a7000000| Untracked 
|  85|0x00000000a7100000, 0x00000000a7100000, 0x00000000a7200000|  0%| F|  |TAMS 0x00000000a7100000| PB 0x00000000a7100000| Untracked 
|  86|0x00000000a7200000, 0x00000000a7200000, 0x00000000a7300000|  0%| F|  |TAMS 0x00000000a7200000| PB 0x00000000a7200000| Untracked 
|  87|0x00000000a7300000, 0x00000000a7300000, 0x00000000a7400000|  0%| F|  |TAMS 0x00000000a7300000| PB 0x00000000a7300000| Untracked 
|  88|0x00000000a7400000, 0x00000000a7465598, 0x00000000a7500000| 39%| E|  |TAMS 0x00000000a7400000| PB 0x00000000a7400000| Complete 
|  89|0x00000000a7500000, 0x00000000a7600000, 0x00000000a7600000|100%| E|CS|TAMS 0x00000000a7500000| PB 0x00000000a7500000| Complete 
|  90|0x00000000a7600000, 0x00000000a7700000, 0x00000000a7700000|100%| E|CS|TAMS 0x00000000a7600000| PB 0x00000000a7600000| Complete 
|  91|0x00000000a7700000, 0x00000000a7800000, 0x00000000a7800000|100%| E|CS|TAMS 0x00000000a7700000| PB 0x00000000a7700000| Complete 
|  92|0x00000000a7800000, 0x00000000a7900000, 0x00000000a7900000|100%| E|CS|TAMS 0x00000000a7800000| PB 0x00000000a7800000| Complete 
|  93|0x00000000a7900000, 0x00000000a7a00000, 0x00000000a7a00000|100%| E|CS|TAMS 0x00000000a7900000| PB 0x00000000a7900000| Complete 
|  94|0x00000000a7a00000, 0x00000000a7b00000, 0x00000000a7b00000|100%| E|CS|TAMS 0x00000000a7a00000| PB 0x00000000a7a00000| Complete 
|  95|0x00000000a7b00000, 0x00000000a7c00000, 0x00000000a7c00000|100%| E|CS|TAMS 0x00000000a7b00000| PB 0x00000000a7b00000| Complete 

Card table byte_map: [0x0000024610b50000,0x0000024610e50000] _byte_map_base: 0x0000024610642000

Marking Bits: (CMBitMap*) 0x0000024605af3fc0
 Bits: [0x0000024611150000, 0x00000246128e0000)

Polling page: 0x0000024603860000

Metaspace:

Usage:
  Non-class:     10.99 MB used.
      Class:      1.69 MB used.
       Both:     12.68 MB used.

Virtual space:
  Non-class space:       64.00 MB reserved,      11.19 MB ( 17%) committed,  1 nodes.
      Class space:        1.00 GB reserved,       1.81 MB ( <1%) committed,  1 nodes.
             Both:        1.06 GB reserved,      13.00 MB (  1%) committed. 

Chunk freelists:
   Non-Class:  3.97 MB
       Class:  2.22 MB
        Both:  6.19 MB

MaxMetaspaceSize: unlimited
CompressedClassSpaceSize: 1.00 GB
Initial GC threshold: 21.00 MB
Current GC threshold: 21.00 MB
CDS: on
MetaspaceReclaimPolicy: balanced
 - commit_granule_bytes: 65536.
 - commit_granule_words: 8192.
 - virtual_space_node_default_size: 8388608.
 - enlarge_chunks_in_place: 1.
 - new_chunks_are_fully_committed: 0.
 - uncommit_free_chunks: 1.
 - use_allocation_guard: 0.


Internal statistics:

num_allocs_failed_limit: 0.
num_arena_births: 282.
num_arena_deaths: 0.
num_vsnodes_births: 2.
num_vsnodes_deaths: 0.
num_space_committed: 208.
num_space_uncommitted: 0.
num_chunks_returned_to_freelist: 0.
num_chunks_taken_from_freelist: 642.
num_chunk_merges: 0.
num_chunk_splits: 410.
num_chunks_enlarged: 287.
num_inconsistent_stats: 0.

CodeCache: size=49152Kb used=5320Kb max_used=5779Kb free=43831Kb
 bounds [0x000002460db50000, 0x000002460e100000, 0x0000024610b50000]
 total_blobs=2808 nmethods=2328 adapters=404
 compilation: enabled
              stopped_count=0, restarted_count=0
 full_count=0

Compilation events (20 events):
Event: 1.949 Thread 0x00000246192073c0 nmethod 2320 0x000002460deaea10 code [0x000002460deaeba0, 0x000002460deaed28]
Event: 1.949 Thread 0x0000024614e99030 nmethod 2316 0x000002460deadf10 code [0x000002460deae140, 0x000002460deae6f8]
Event: 1.949 Thread 0x00000246192073c0 2318       1       org.springframework.core.annotation.AnnotationTypeMapping::getDistance (5 bytes)
Event: 1.949 Thread 0x00000246192073c0 nmethod 2318 0x000002460deadc10 code [0x000002460deadd80, 0x000002460deade48]
Event: 1.949 Thread 0x00000246192073c0 2321       1       org.springframework.core.annotation.AnnotationFilter::matches (11 bytes)
Event: 1.949 Thread 0x00000246192073c0 nmethod 2321 0x000002460dead890 code [0x000002460deada20, 0x000002460deadb50]
Event: 1.950 Thread 0x00000246192073c0 2322       1       org.springframework.core.annotation.TypeMappedAnnotations::access$200 (5 bytes)
Event: 1.950 Thread 0x00000246192073c0 nmethod 2322 0x000002460dead590 code [0x000002460dead700, 0x000002460dead7b0]
Event: 1.951 Thread 0x00000246192073c0 2323       1       ch.qos.logback.classic.selector.DefaultContextSelector::getDefaultLoggerContext (5 bytes)
Event: 1.951 Thread 0x00000246192073c0 nmethod 2323 0x000002460dead290 code [0x000002460dead400, 0x000002460dead4c8]
Event: 1.980 Thread 0x00000246192073c0 2324       1       java.nio.ByteBuffer::limit (8 bytes)
Event: 1.980 Thread 0x00000246192073c0 nmethod 2324 0x000002460deacf90 code [0x000002460dead120, 0x000002460dead210]
Event: 1.981 Thread 0x00000246192073c0 2325       1       java.nio.HeapByteBuffer::get (14 bytes)
Event: 1.981 Thread 0x0000024614e99030 2326       1       java.nio.Buffer::nextGetIndex (30 bytes)
Event: 1.981 Thread 0x0000024614e99030 nmethod 2326 0x000002460deacc10 code [0x000002460deacda0, 0x000002460deaced8]
Event: 1.981 Thread 0x00000246192073c0 nmethod 2325 0x000002460deac810 code [0x000002460deac9a0, 0x000002460deacb18]
Event: 1.981 Thread 0x00000246192073c0 2327       1       java.lang.invoke.BoundMethodHandle$SpeciesData::extendWith (62 bytes)
Event: 1.981 Thread 0x0000024614e99030 2328       1       java.lang.Class::isAnnotation (17 bytes)
Event: 1.982 Thread 0x0000024614e99030 nmethod 2328 0x000002460deac510 code [0x000002460deac680, 0x000002460deac778]
Event: 1.982 Thread 0x00000246192073c0 nmethod 2327 0x000002460deabc10 code [0x000002460deabe00, 0x000002460deac270]

GC Heap History (6 events):
Event: 0.405 GC heap before
{Heap before GC invocations=0 (full 0):
 garbage-first heap   total 98304K, used 13312K [0x00000000a1c00000, 0x0000000100000000)
  region size 1024K, 13 young (13312K), 0 survivors (0K)
 Metaspace       used 3018K, committed 3200K, reserved 1114112K
  class space    used 347K, committed 448K, reserved 1048576K
}
Event: 0.411 GC heap after
{Heap after GC invocations=1 (full 0):
 garbage-first heap   total 98304K, used 7560K [0x00000000a1c00000, 0x0000000100000000)
  region size 1024K, 2 young (2048K), 2 survivors (2048K)
 Metaspace       used 3018K, committed 3200K, reserved 1114112K
  class space    used 347K, committed 448K, reserved 1048576K
}
Event: 0.712 GC heap before
{Heap before GC invocations=1 (full 0):
 garbage-first heap   total 98304K, used 15752K [0x00000000a1c00000, 0x0000000100000000)
  region size 1024K, 11 young (11264K), 2 survivors (2048K)
 Metaspace       used 6241K, committed 6464K, reserved 1114112K
  class space    used 727K, committed 832K, reserved 1048576K
}
Event: 0.716 GC heap after
{Heap after GC invocations=2 (full 0):
 garbage-first heap   total 98304K, used 9356K [0x00000000a1c00000, 0x0000000100000000)
  region size 1024K, 2 young (2048K), 2 survivors (2048K)
 Metaspace       used 6241K, committed 6464K, reserved 1114112K
  class space    used 727K, committed 832K, reserved 1048576K
}
Event: 1.265 GC heap before
{Heap before GC invocations=2 (full 0):
 garbage-first heap   total 98304K, used 29836K [0x00000000a1c00000, 0x0000000100000000)
  region size 1024K, 23 young (23552K), 2 survivors (2048K)
 Metaspace       used 11542K, committed 11840K, reserved 1114112K
  class space    used 1490K, committed 1600K, reserved 1048576K
}
Event: 1.268 GC heap after
{Heap after GC invocations=3 (full 0):
 garbage-first heap   total 98304K, used 11557K [0x00000000a1c00000, 0x0000000100000000)
  region size 1024K, 2 young (2048K), 2 survivors (2048K)
 Metaspace       used 11542K, committed 11840K, reserved 1114112K
  class space    used 1490K, committed 1600K, reserved 1048576K
}

Dll operation events (12 events):
Event: 0.009 Loaded shared library C:\Program Files\Java\jdk-20\bin\java.dll
Event: 0.018 Loaded shared library C:\Program Files\Java\jdk-20\bin\jsvml.dll
Event: 0.143 Loaded shared library C:\Program Files\Java\jdk-20\bin\zip.dll
Event: 0.145 Loaded shared library C:\Program Files\Java\jdk-20\bin\instrument.dll
Event: 0.150 Loaded shared library C:\Program Files\Java\jdk-20\bin\net.dll
Event: 0.151 Loaded shared library C:\Program Files\Java\jdk-20\bin\nio.dll
Event: 0.154 Loaded shared library C:\Program Files\Java\jdk-20\bin\zip.dll
Event: 0.285 Loaded shared library C:\Program Files\JetBrains\IntelliJ IDEA 2022.1.1\bin\breakgen64.dll
Event: 0.290 Loaded shared library C:\Program Files\Java\jdk-20\bin\jimage.dll
Event: 0.294 Loaded shared library C:\Program Files\Java\jdk-20\bin\extnet.dll
Event: 0.307 Loaded shared library C:\Program Files\Java\jdk-20\bin\management.dll
Event: 0.317 Loaded shared library C:\Program Files\Java\jdk-20\bin\management_ext.dll

Deoptimization events (6 events):
Event: 0.412 Thread 0x0000024605aa46b0 DEOPT PACKING pc=0x000002460de32fdd sp=0x000000a7e12fd3b0
Event: 0.412 Thread 0x0000024605aa46b0 DEOPT UNPACKING pc=0x000002460dbba4c2 sp=0x000000a7e12fc860 mode 3
Event: 0.420 Thread 0x0000024605aa46b0 DEOPT PACKING pc=0x000002460ded80e0 sp=0x000000a7e12fd380
Event: 0.420 Thread 0x0000024605aa46b0 DEOPT UNPACKING pc=0x000002460dbba4c2 sp=0x000000a7e12fc838 mode 3
Event: 1.939 Thread 0x0000024605aa46b0 DEOPT PACKING pc=0x000002460deb6479 sp=0x000000a7e12fd5a0
Event: 1.939 Thread 0x0000024605aa46b0 DEOPT UNPACKING pc=0x000002460dbba4c2 sp=0x000000a7e12fca80 mode 3

Classes loaded (20 events):
Event: 1.280 Loading class java/util/concurrent/locks/ReentrantReadWriteLock$NonfairSync
Event: 1.280 Loading class java/util/concurrent/locks/ReentrantReadWriteLock$NonfairSync done
Event: 1.280 Loading class java/util/concurrent/ConcurrentLinkedQueue
Event: 1.280 Loading class java/util/concurrent/ConcurrentLinkedQueue done
Event: 1.280 Loading class java/util/concurrent/ConcurrentLinkedQueue$Node
Event: 1.280 Loading class java/util/concurrent/ConcurrentLinkedQueue$Node done
Event: 1.281 Loading class java/lang/ThreadLocal$SuppliedThreadLocal
Event: 1.296 Loading class java/io/UnsupportedEncodingException
Event: 1.313 Loading class java/io/UnsupportedEncodingException done
Event: 1.313 Loading class java/lang/ThreadLocal$SuppliedThreadLocal done
Event: 1.313 Loading class java/nio/charset/CharacterCodingException
Event: 1.313 Loading class java/nio/charset/CharacterCodingException done
Event: 1.330 Loading class java/lang/StackTraceElement$HashedModules
Event: 1.330 Loading class java/lang/StackTraceElement$HashedModules done
Event: 1.337 Loading class jdk/internal/reflect/MethodHandleIntegerFieldAccessorImpl
Event: 1.337 Loading class jdk/internal/reflect/MethodHandleIntegerFieldAccessorImpl done
Event: 1.339 Loading class org/xml/sax/ErrorHandler
Event: 1.340 Loading class org/xml/sax/ErrorHandler done
Event: 1.935 Loading class java/lang/annotation/Repeatable
Event: 1.935 Loading class java/lang/annotation/Repeatable done

Classes unloaded (0 events):
No events

Classes redefined (0 events):
No events

Internal exceptions (20 events):
Event: 1.103 Thread 0x0000024605aa46b0 Exception <a 'java/lang/NoSuchMethodError'{0x00000000a6eca780}: 'java.lang.Object java.lang.invoke.DirectMethodHandle$Holder.invokeSpecial(java.lang.Object, java.lang.Object, java.lang.Object, java.lang.Object, java.lang.Object, java.lang.Object, java.lang.Object, int)'> (0x00000000a6eca780) 
thrown [s\open\src\hotspot\share\interpreter\linkResolver.cpp, line 773]
Event: 1.143 Thread 0x0000024605aa46b0 Exception <a 'java/lang/NoSuchMethodError'{0x00000000a6c19068}: 'int java.lang.invoke.DirectMethodHandle$Holder.invokeVirtual(java.lang.Object, java.lang.Object)'> (0x00000000a6c19068) 
thrown [s\open\src\hotspot\share\interpreter\linkResolver.cpp, line 773]
Event: 1.149 Thread 0x0000024605aa46b0 Exception <a 'java/lang/NoSuchMethodError'{0x00000000a6c621d0}: 'java.lang.Object java.lang.invoke.DirectMethodHandle$Holder.invokeSpecial(java.lang.Object, java.lang.Object, java.lang.Object, int, java.lang.Object)'> (0x00000000a6c621d0) 
thrown [s\open\src\hotspot\share\interpreter\linkResolver.cpp, line 773]
Event: 1.150 Thread 0x0000024605aa46b0 Exception <a 'java/lang/NoSuchMethodError'{0x00000000a6c6a478}: 'java.lang.Object java.lang.invoke.DirectMethodHandle$Holder.newInvokeSpecial(java.lang.Object, java.lang.Object, java.lang.Object, int, java.lang.Object)'> (0x00000000a6c6a478) 
thrown [s\open\src\hotspot\share\interpreter\linkResolver.cpp, line 773]
Event: 1.150 Thread 0x0000024605aa46b0 Exception <a 'java/lang/NoSuchMethodError'{0x00000000a6c71930}: 'java.lang.Object java.lang.invoke.Invokers$Holder.linkToTargetMethod(java.lang.Object, java.lang.Object, int, java.lang.Object, java.lang.Object)'> (0x00000000a6c71930) 
thrown [s\open\src\hotspot\share\interpreter\linkResolver.cpp, line 773]
Event: 1.151 Thread 0x0000024605aa46b0 Exception <a 'java/lang/NoSuchMethodError'{0x00000000a6c7fbd0}: 'java.lang.Object java.lang.invoke.DirectMethodHandle$Holder.newInvokeSpecial(java.lang.Object, int, java.lang.Object)'> (0x00000000a6c7fbd0) 
thrown [s\open\src\hotspot\share\interpreter\linkResolver.cpp, line 773]
Event: 1.151 Thread 0x0000024605aa46b0 Exception <a 'java/lang/NoSuchMethodError'{0x00000000a6c840d0}: 'int java.lang.invoke.DirectMethodHandle$Holder.invokeSpecialIFC(java.lang.Object, java.lang.Object, java.lang.Object, java.lang.Object)'> (0x00000000a6c840d0) 
thrown [s\open\src\hotspot\share\interpreter\linkResolver.cpp, line 773]
Event: 1.172 Thread 0x0000024605aa46b0 Exception <a 'java/lang/NoSuchMethodError'{0x00000000a6b541c0}: 'void java.lang.invoke.DirectMethodHandle$Holder.invokeInterface(java.lang.Object, java.lang.Object, java.lang.Object)'> (0x00000000a6b541c0) 
thrown [s\open\src\hotspot\share\interpreter\linkResolver.cpp, line 773]
Event: 1.188 Thread 0x0000024605aa46b0 Exception <a 'java/lang/NoSuchMethodError'{0x00000000a6a06bc0}: 'java.lang.Object java.lang.invoke.DirectMethodHandle$Holder.invokeVirtual(java.lang.Object, java.lang.Object, java.lang.Object)'> (0x00000000a6a06bc0) 
thrown [s\open\src\hotspot\share\interpreter\linkResolver.cpp, line 773]
Event: 1.199 Thread 0x0000024605aa46b0 Exception <a 'java/lang/NoSuchMethodError'{0x00000000a6a8a660}: 'void java.lang.invoke.DirectMethodHandle$Holder.invokeStatic(java.lang.Object, java.lang.Object, int)'> (0x00000000a6a8a660) 
thrown [s\open\src\hotspot\share\interpreter\linkResolver.cpp, line 773]
Event: 1.200 Thread 0x0000024605aa46b0 Exception <a 'java/lang/NoSuchMethodError'{0x00000000a6a92040}: 'void java.lang.invoke.DirectMethodHandle$Holder.invokeStaticInit(java.lang.Object, java.lang.Object)'> (0x00000000a6a92040) 
thrown [s\open\src\hotspot\share\interpreter\linkResolver.cpp, line 773]
Event: 1.202 Thread 0x0000024605aa46b0 Exception <a 'java/lang/NoSuchMethodError'{0x00000000a6aa72e0}: 'void java.lang.invoke.DirectMethodHandle$Holder.invokeStaticInit(java.lang.Object, java.lang.Object, java.lang.Object)'> (0x00000000a6aa72e0) 
thrown [s\open\src\hotspot\share\interpreter\linkResolver.cpp, line 773]
Event: 1.213 Thread 0x0000024605aa46b0 Exception <a 'java/lang/NoSuchMethodError'{0x00000000a691c190}: 'void java.lang.invoke.DirectMethodHandle$Holder.invokeVirtual(java.lang.Object, java.lang.Object, java.lang.Object, java.lang.Object)'> (0x00000000a691c190) 
thrown [s\open\src\hotspot\share\interpreter\linkResolver.cpp, line 773]
Event: 1.236 Thread 0x0000024605aa46b0 Exception <a 'java/lang/NoSuchMethodError'{0x00000000a6819c40}: 'void java.lang.invoke.DirectMethodHandle$Holder.invokeSpecial(java.lang.Object, java.lang.Object, java.lang.Object, java.lang.Object, java.lang.Object)'> (0x00000000a6819c40) 
thrown [s\open\src\hotspot\share\interpreter\linkResolver.cpp, line 773]
Event: 1.245 Thread 0x0000024605aa46b0 Exception <a 'java/lang/NoSuchMethodError'{0x00000000a672be18}: 'void java.lang.invoke.DirectMethodHandle$Holder.invokeVirtual(java.lang.Object, java.lang.Object, int)'> (0x00000000a672be18) 
thrown [s\open\src\hotspot\share\interpreter\linkResolver.cpp, line 773]
Event: 1.245 Thread 0x0000024605aa46b0 Exception <a 'java/lang/NoSuchMethodError'{0x00000000a672f998}: 'int java.lang.invoke.DirectMethodHandle$Holder.invokeSpecial(java.lang.Object, java.lang.Object, java.lang.Object, int)'> (0x00000000a672f998) 
thrown [s\open\src\hotspot\share\interpreter\linkResolver.cpp, line 773]
Event: 1.246 Thread 0x0000024605aa46b0 Exception <a 'java/lang/NoSuchMethodError'{0x00000000a6783368}: 'java.lang.Object java.lang.invoke.DirectMethodHandle$Holder.invokeStatic(java.lang.Object, java.lang.Object, java.lang.Object, java.lang.Object, int)'> (0x00000000a6783368) 
thrown [s\open\src\hotspot\share\interpreter\linkResolver.cpp, line 773]
Event: 1.247 Thread 0x0000024605aa46b0 Exception <a 'java/lang/NoSuchMethodError'{0x00000000a678de18}: 'void java.lang.invoke.DelegatingMethodHandle$Holder.reinvoke_L(java.lang.Object, java.lang.Object, int)'> (0x00000000a678de18) 
thrown [s\open\src\hotspot\share\interpreter\linkResolver.cpp, line 773]
Event: 1.332 Thread 0x0000024605aa46b0 Exception <a 'java/lang/NoSuchMethodError'{0x00000000a78d0188}: 'org.slf4j.impl.StaticMDCBinder org.slf4j.impl.StaticMDCBinder.getSingleton()'> (0x00000000a78d0188) 
thrown [s\open\src\hotspot\share\interpreter\linkResolver.cpp, line 773]
Event: 1.337 Thread 0x0000024605aa46b0 Exception <a 'java/lang/NoSuchMethodError'{0x00000000a7764030}: 'int java.lang.invoke.Invokers$Holder.invokeExact_MT(java.lang.Object, java.lang.Object)'> (0x00000000a7764030) 
thrown [s\open\src\hotspot\share\interpreter\linkResolver.cpp, line 773]

VM Operations (20 events):
Event: 0.518 Executing VM operation: HandshakeAllThreads done
Event: 0.680 Executing VM operation: HandshakeAllThreads
Event: 0.680 Executing VM operation: HandshakeAllThreads done
Event: 0.712 Executing VM operation: G1CollectForAllocation
Event: 0.716 Executing VM operation: G1CollectForAllocation done
Event: 0.848 Executing VM operation: HandshakeAllThreads
Event: 0.848 Executing VM operation: HandshakeAllThreads done
Event: 0.904 Executing VM operation: HandshakeAllThreads
Event: 0.904 Executing VM operation: HandshakeAllThreads done
Event: 0.991 Executing VM operation: HandshakeAllThreads
Event: 0.991 Executing VM operation: HandshakeAllThreads done
Event: 1.129 Executing VM operation: HandshakeAllThreads
Event: 1.129 Executing VM operation: HandshakeAllThreads done
Event: 1.182 Executing VM operation: ICBufferFull
Event: 1.182 Executing VM operation: ICBufferFull done
Event: 1.230 Executing VM operation: HandshakeAllThreads
Event: 1.231 Executing VM operation: HandshakeAllThreads done
Event: 1.265 Executing VM operation: G1CollectForAllocation
Event: 1.268 Executing VM operation: G1CollectForAllocation done
Event: 1.982 Executing VM operation: HandshakeAllThreads

Events (18 events):
Event: 0.019 Thread 0x0000024605aa46b0 Thread added: 0x0000024605aa46b0
Event: 0.034 Thread 0x0000024614e92650 Thread added: 0x0000024614e92650
Event: 0.034 Thread 0x0000024614e94360 Thread added: 0x0000024614e94360
Event: 0.034 Thread 0x0000024614e95570 Thread added: 0x0000024614e95570
Event: 0.034 Thread 0x0000024614e9b3e0 Thread added: 0x0000024614e9b3e0
Event: 0.034 Thread 0x0000024614e9bd20 Thread added: 0x0000024614e9bd20
Event: 0.034 Thread 0x0000024614e9c660 Thread added: 0x0000024614e9c660
Event: 0.034 Thread 0x0000024614e99030 Thread added: 0x0000024614e99030
Event: 0.123 Thread 0x0000024619168030 Thread added: 0x0000024619168030
Event: 0.130 Thread 0x00000246192073c0 Thread added: 0x00000246192073c0
Event: 0.286 Thread 0x000002461979dff0 Thread added: 0x000002461979dff0
Event: 0.286 Thread 0x000002461952c090 Thread added: 0x000002461952c090
Event: 0.413 Thread 0x00000246192623d0 Thread added: 0x00000246192623d0
Event: 0.509 Thread 0x000002461990a650 Thread added: 0x000002461990a650
Event: 1.088 Thread 0x000002461a263a90 Thread added: 0x000002461a263a90
Event: 1.089 Thread 0x000002461a263a90 Thread exited: 0x000002461a263a90
Event: 1.238 Thread 0x000002461a317900 Thread added: 0x000002461a317900
Event: 1.925 Thread 0x00000246192623d0 Thread exited: 0x00000246192623d0


Dynamic libraries:
0x00007ff774490000 - 0x00007ff7744a0000 	C:\Program Files\Java\jdk-20\bin\java.exe
0x00007ff9e6d30000 - 0x00007ff9e6f28000 	C:\Windows\SYSTEM32\ntdll.dll
0x00007ff9e4f60000 - 0x00007ff9e501d000 	C:\Windows\System32\KERNEL32.DLL
0x00007ff9e4700000 - 0x00007ff9e49f6000 	C:\Windows\System32\KERNELBASE.dll
0x00007ff9e4b30000 - 0x00007ff9e4c30000 	C:\Windows\System32\ucrtbase.dll
0x00007ff9dcad0000 - 0x00007ff9dcaeb000 	C:\Program Files\Java\jdk-20\bin\VCRUNTIME140.dll
0x00007ff9dcab0000 - 0x00007ff9dcac9000 	C:\Program Files\Java\jdk-20\bin\jli.dll
0x00007ff9e6c40000 - 0x00007ff9e6cef000 	C:\Windows\System32\ADVAPI32.dll
0x00007ff9e5300000 - 0x00007ff9e539e000 	C:\Windows\System32\msvcrt.dll
0x00007ff9e50a0000 - 0x00007ff9e513c000 	C:\Windows\System32\sechost.dll
0x00007ff9e62b0000 - 0x00007ff9e63d6000 	C:\Windows\System32\RPCRT4.dll
0x00007ff9e5410000 - 0x00007ff9e55ae000 	C:\Windows\System32\USER32.dll
0x00007ff9e46d0000 - 0x00007ff9e46f2000 	C:\Windows\System32\win32u.dll
0x00007ff9e55b0000 - 0x00007ff9e55dc000 	C:\Windows\System32\GDI32.dll
0x00007ff9e4460000 - 0x00007ff9e457a000 	C:\Windows\System32\gdi32full.dll
0x00007ff9e4630000 - 0x00007ff9e46cd000 	C:\Windows\System32\msvcp_win.dll
0x00007ff9d2a40000 - 0x00007ff9d2cda000 	C:\Windows\WinSxS\amd64_microsoft.windows.common-controls_6595b64144ccf1df_6.0.19041.3636_none_60b6a03d71f818d5\COMCTL32.dll
0x00007ff9dba80000 - 0x00007ff9dba8a000 	C:\Windows\SYSTEM32\VERSION.dll
0x00007ff9e4d90000 - 0x00007ff9e4dc0000 	C:\Windows\System32\IMM32.DLL
0x00007ff9de2e0000 - 0x00007ff9de2ec000 	C:\Program Files\Java\jdk-20\bin\vcruntime140_1.dll
0x00007ff9c0970000 - 0x00007ff9c09fe000 	C:\Program Files\Java\jdk-20\bin\msvcp140.dll
0x00007ff9a7190000 - 0x00007ff9a7e27000 	C:\Program Files\Java\jdk-20\bin\server\jvm.dll
0x00007ff9d27f0000 - 0x00007ff9d2817000 	C:\Windows\SYSTEM32\WINMM.dll
0x00007ff9cde50000 - 0x00007ff9cde59000 	C:\Windows\SYSTEM32\WSOCK32.dll
0x00007ff9e55e0000 - 0x00007ff9e564b000 	C:\Windows\System32\WS2_32.dll
0x00007ff9e2340000 - 0x00007ff9e2352000 	C:\Windows\SYSTEM32\kernel.appcore.dll
0x00007ff9dda00000 - 0x00007ff9dda0a000 	C:\Program Files\Java\jdk-20\bin\jimage.dll
0x00007ff9e2010000 - 0x00007ff9e21f4000 	C:\Windows\SYSTEM32\DBGHELP.DLL
0x00007ff9cc680000 - 0x00007ff9cc6b4000 	C:\Windows\SYSTEM32\dbgcore.DLL
0x00007ff9e4a70000 - 0x00007ff9e4af2000 	C:\Windows\System32\bcryptPrimitives.dll
0x00007ff9df800000 - 0x00007ff9df80e000 	C:\Program Files\Java\jdk-20\bin\instrument.dll
0x00007ff9d3f50000 - 0x00007ff9d3f76000 	C:\Program Files\Java\jdk-20\bin\java.dll
0x00007ff9c0890000 - 0x00007ff9c0967000 	C:\Program Files\Java\jdk-20\bin\jsvml.dll
0x00007ff9e5650000 - 0x00007ff9e5d95000 	C:\Windows\System32\SHELL32.dll
0x00007ff9e24b0000 - 0x00007ff9e2c4b000 	C:\Windows\SYSTEM32\windows.storage.dll
0x00007ff9e5f50000 - 0x00007ff9e62a4000 	C:\Windows\System32\combase.dll
0x00007ff9e3e50000 - 0x00007ff9e3e7d000 	C:\Windows\SYSTEM32\Wldp.dll
0x00007ff9e63e0000 - 0x00007ff9e648d000 	C:\Windows\System32\SHCORE.dll
0x00007ff9e4dc0000 - 0x00007ff9e4e15000 	C:\Windows\System32\shlwapi.dll
0x00007ff9e4340000 - 0x00007ff9e4365000 	C:\Windows\SYSTEM32\profapi.dll
0x00007ff9d2a20000 - 0x00007ff9d2a38000 	C:\Program Files\Java\jdk-20\bin\zip.dll
0x00007ff9d36a0000 - 0x00007ff9d36b3000 	C:\Program Files\Java\jdk-20\bin\net.dll
0x00007ff9db1f0000 - 0x00007ff9db2fa000 	C:\Windows\SYSTEM32\WINHTTP.dll
0x00007ff9e3bb0000 - 0x00007ff9e3c1a000 	C:\Windows\system32\mswsock.dll
0x00007ff9d3680000 - 0x00007ff9d3696000 	C:\Program Files\Java\jdk-20\bin\nio.dll
0x00007ff9de1b0000 - 0x00007ff9de1ca000 	C:\Program Files\JetBrains\IntelliJ IDEA 2022.1.1\bin\breakgen64.dll
0x00007ff9dd380000 - 0x00007ff9dd387000 	C:\Program Files\Java\jdk-20\bin\extnet.dll
0x00007ff9e3890000 - 0x00007ff9e395a000 	C:\Windows\SYSTEM32\DNSAPI.dll
0x00007ff9e3850000 - 0x00007ff9e388b000 	C:\Windows\SYSTEM32\IPHLPAPI.DLL
0x00007ff9e5140000 - 0x00007ff9e5148000 	C:\Windows\System32\NSI.dll
0x00007ff9d07e0000 - 0x00007ff9d07ea000 	C:\Windows\System32\rasadhlp.dll
0x00007ff9d0800000 - 0x00007ff9d0880000 	C:\Windows\System32\fwpuclnt.dll
0x00007ff9e4b00000 - 0x00007ff9e4b27000 	C:\Windows\System32\bcrypt.dll
0x00007ff9df700000 - 0x00007ff9df70a000 	C:\Program Files\Java\jdk-20\bin\management.dll
0x00007ff9df650000 - 0x00007ff9df65b000 	C:\Program Files\Java\jdk-20\bin\management_ext.dll
0x00007ff9e5400000 - 0x00007ff9e5408000 	C:\Windows\System32\PSAPI.DLL
0x00007ff9e3da0000 - 0x00007ff9e3db8000 	C:\Windows\SYSTEM32\CRYPTSP.dll
0x00007ff9e3470000 - 0x00007ff9e34a4000 	C:\Windows\system32\rsaenh.dll
0x00007ff9e42c0000 - 0x00007ff9e42ee000 	C:\Windows\SYSTEM32\USERENV.dll
0x00007ff9e3dc0000 - 0x00007ff9e3dcc000 	C:\Windows\SYSTEM32\CRYPTBASE.dll
0x00007ff9dba60000 - 0x00007ff9dba77000 	C:\Windows\SYSTEM32\dhcpcsvc6.DLL
0x00007ff9dbc10000 - 0x00007ff9dbc2d000 	C:\Windows\SYSTEM32\dhcpcsvc.DLL
0x00007ff9c5b70000 - 0x00007ff9c5b87000 	C:\Windows\system32\napinsp.dll
0x00007ff9c5b90000 - 0x00007ff9c5bab000 	C:\Windows\system32\pnrpnsp.dll
0x00007ff9de9d0000 - 0x00007ff9de9e5000 	C:\Windows\system32\wshbth.dll
0x00007ff9df620000 - 0x00007ff9df63d000 	C:\Windows\system32\NLAapi.dll
0x00007ff9c5b50000 - 0x00007ff9c5b62000 	C:\Windows\System32\winrnr.dll

dbghelp: loaded successfully - version: 4.0.5 - missing functions: none
symbol engine: initialized successfully - sym options: 0x614 - pdb path: .;C:\Program Files\Java\jdk-20\bin;C:\Windows\SYSTEM32;C:\Windows\WinSxS\amd64_microsoft.windows.common-controls_6595b64144ccf1df_6.0.19041.3636_none_60b6a03d71f818d5;C:\Program Files\Java\jdk-20\bin\server;C:\Program Files\JetBrains\IntelliJ IDEA 2022.1.1\bin

VM Arguments:
jvm_args: -XX:TieredStopAtLevel=1 -Xverify:none -Dspring.output.ansi.enabled=always -Dcom.sun.management.jmxremote -Dspring.jmx.enabled=true -Dspring.liveBeansView.mbeanDomain -Dspring.application.admin.enabled=true -javaagent:C:\Program Files\JetBrains\IntelliJ IDEA 2022.1.1\lib\idea_rt.jar=58870:C:\Program Files\JetBrains\IntelliJ IDEA 2022.1.1\bin -Dfile.encoding=UTF-8 
java_command: com.example.assurozelo.AssuroZeloApplication
java_class_path (initial): C:\Users\HP\Desktop\back\AssuroZelo\target\classes;C:\Users\HP\.m2\repository\org\springframework\boot\spring-boot-starter-validation\2.6.4\spring-boot-starter-validation-2.6.4.jar;C:\Users\HP\.m2\repository\org\springframework\boot\spring-boot-starter\2.6.4\spring-boot-starter-2.6.4.jar;C:\Users\HP\.m2\repository\org\springframework\boot\spring-boot\2.6.4\spring-boot-2.6.4.jar;C:\Users\HP\.m2\repository\org\springframework\boot\spring-boot-autoconfigure\2.6.4\spring-boot-autoconfigure-2.6.4.jar;C:\Users\HP\.m2\repository\org\springframework\boot\spring-boot-starter-logging\2.6.4\spring-boot-starter-logging-2.6.4.jar;C:\Users\HP\.m2\repository\ch\qos\logback\logback-classic\1.2.10\logback-classic-1.2.10.jar;C:\Users\HP\.m2\repository\ch\qos\logback\logback-core\1.2.10\logback-core-1.2.10.jar;C:\Users\HP\.m2\repository\org\apache\logging\log4j\log4j-to-slf4j\2.17.1\log4j-to-slf4j-2.17.1.jar;C:\Users\HP\.m2\repository\org\apache\logging\log4j\log4j-api\2.17.1\log4j-api-2.17.1.jar;C:\Users\HP\.m2\repository\org\slf4j\jul-to-slf4j\1.7.36\jul-to-slf4j-1.7.36.jar;C:\Users\HP\.m2\repository\jakarta\annotation\jakarta.annotation-api\1.3.5\jakarta.annotation-api-1.3.5.jar;C:\Users\HP\.m2\repository\org\yaml\snakeyaml\1.29\snakeyaml-1.29.jar;C:\Users\HP\.m2\repository\org\apache\tomcat\embed\tomcat-embed-el\9.0.58\tomcat-embed-el-9.0.58.jar;C:\Users\HP\.m2\repository\org\hibernate\validator\hibernate-validator\6.2.2.Final\hibernate-validator-6.2.2.Final.jar;C:\Users\HP\.m2\repository\jakarta\validation\jakarta.validation-api\2.0.2\jakarta.validation-api-2.0.2.jar;C:\Users\HP\.m2\repository\org\jboss\logging\jboss-logging\3.4.3.Final\jboss-logging-3.4.3.Final.jar;C:\Users\HP\.m2\repository\com\fasterxml\classmate\1.5.1\classmate-1.5.1.jar;C:\Users\HP\.m2\repository\jakarta\xml\bind\jakarta.xml.bind-api\2.3.2\jakarta.xml.bind-api-2.3.2.jar;C:\Users\HP\.m2\repository\jakarta\activation\jakarta.activation-api\1.2.2\jakarta.activation-api-1.2.2.jar;C:\Users\HP\.m2\repository\org\modelmapper\modelmapper\2.3.0\modelmapper-2.3.0.jar;C:\Users\HP\.m2\repository\org\springframework\boot\spring-boot-starter-data-mongodb\2.6.4\spring-boot-starter-data-mongodb-2.6.4.jar;C:\Users\HP\.m2\repository\org\mongodb\mongodb-driver-sync\4.4.2\mongodb-driver-sync-4.4.2.jar;C:\Users\HP\.m2\repository\org\mongodb\bson\4.4.2\bson-4.4.2.jar;C:\Users\HP\.m2\repository\org\mongodb\mongodb-driver-core\4.4.2\mongodb-driver-core-4.4.2.jar;C:\Users\HP\.m2\repository\org\springframework\data\spring-data-mongodb\3.3.2\spring-data-mongodb-3.3.2.jar;C:\Users\HP\.m2\repository\org\springframework\spring-tx\5.3.16\spring-tx-5.3.16.jar;C:\Users\HP\.m2\repository\org\springframework\spring-context\5.3.16\spring-context-5.3.16.jar;C:\Users\HP\.m2\repository\org\springframework\spring-beans\5.3.16\spring-beans-5.3.16.jar;C:\Users\HP\.m2\repository\org\springframework\spring-expression\5.3.16\spring-expression-5.3.16.jar;C:\Users\HP\.m2\repository\org\springframework\data\spring-data-commons\2.6.2\spring-data-commons-2.6.2.jar;C:\Users\HP\.m2\repository\org\slf4j\slf4j-api\1.7.36\slf4j-api-1.7.36.jar;C:\Users\HP\.m2\repository\org\springframework\boot\spring-boot-starter-mail\2.6.4\spring-boot-starter-mail-2.6.4.jar;C:\Users\HP\.m2\repository\org\springframework\spring-context-support\5.3.16\spring-context-support-5.3.16.jar;C:\Users\HP\.m2\repository\com\sun\mail\jakarta.mail\1.6.7\jakarta.mail-1.6.7.jar;C:\Users\HP\.m2\repository\com\sun\activation\jakarta.activation\1.2.2\jakarta.activation-1.2.2.jar;C:\Users\HP\.m2\repository\org\springframework\boot\spring-boot-starter-data-rest\2.6.4\spring-boot-starter-data-rest-2.6.4.jar;C:\Users\HP\.m2\repository\org\springframework\data\spring-data-rest-webmvc\3.6.2\spring-data-rest-webmvc-3.6.2.jar;C:\Users\HP\.m2\repository\org\springframework\data\spring-data-rest-core\3.6.2\spring-data-rest-core-3.6.2.jar;C:\Users\HP\.m2\repository\org\springframework\hateoas\spring-hateoas\1.4.1\spring-hateoas-1.4.1.jar;C:\Users\HP\.m2\repository\org\springframework\plugin\spring-plugin-core\2.0.0.RELEASE\spring-plugin-core-2.0.0.RELEASE.jar;C:\Users\HP\.m2\repository\org\atteo\evo-inflector\1.3\evo-inflector-1.3.jar;C:\Users\HP\.m2\repository\com\fasterxml\jackson\core\jackson-annotations\2.13.1\jackson-annotations-2.13.1.jar;C:\Users\HP\.m2\repository\org\springframework\boot\spring-boot-starter-security\2.6.4\spring-boot-starter-security-2.6.4.jar;C:\Users\HP\.m2\repository\org\springframework\spring-aop\5.3.16\spring-aop-5.3.16.jar;C:\Users\HP\.m2\repository\org\springframework\security\spring-security-config\5.6.2\spring-security-config-5.6.2.jar;C:\Users\HP\.m2\repository\org\springframework\security\spring-security-web\5.6.2\spring-security-web-5.6.2.jar;C:\Users\HP\.m2\repository\org\springframework\boot\spring-boot-starter-web\2.6.4\spring-boot-starter-web-2.6.4.jar;C:\Users\HP\.m2\repository\org\springframework\boot\spring-boot-starter-json\2.6.4\spring-boot-starter-json-2.6.4.jar;C:\Users\HP\.m2\repository\com\fasterxml\jackson\datatype\jackson-datatype-jdk8\2.13.1\jackson-datatype-jdk8-2.13.1.jar;C:\Users\HP\.m2\repository\com\fasterxml\jackson\datatype\jackson-datatype-jsr310\2.13.1\jackson-datatype-jsr310-2.13.1.jar;C:\Users\HP\.m2\repository\com\fasterxml\jackson\module\jackson-module-parameter-names\2.13.1\jackson-module-parameter-names-2.13.1.jar;C:\Users\HP\.m2\repository\org\springframework\boot\spring-boot-starter-tomcat\2.6.4\spring-boot-starter-tomcat-2.6.4.jar;C:\Users\HP\.m2\repository\org\apache\tomcat\embed\tomcat-embed-core\9.0.58\tomcat-embed-core-9.0.58.jar;C:\Users\HP\.m2\repository\org\apache\tomcat\embed\tomcat-embed-websocket\9.0.58\tomcat-embed-websocket-9.0.58.jar;C:\Users\HP\.m2\repository\org\springframework\spring-web\5.3.16\spring-web-5.3.16.jar;C:\Users\HP\.m2\repository\org\springframework\spring-webmvc\5.3.16\spring-webmvc-5.3.16.jar;C:\Users\HP\.m2\repository\org\projectlombok\lombok\1.18.22\lombok-1.18.22.jar;C:\Users\HP\.m2\repository\com\jayway\jsonpath\json-path\2.6.0\json-path-2.6.0.jar;C:\Users\HP\.m2\repository\net\minidev\json-smart\2.4.8\json-smart-2.4.8.jar;C:\Users\HP\.m2\repository\net\minidev\accessors-smart\2.4.8\accessors-smart-2.4.8.jar;C:\Users\HP\.m2\repository\org\ow2\asm\asm\9.1\asm-9.1.jar;C:\Users\HP\.m2\repository\org\springframework\spring-core\5.3.16\spring-core-5.3.16.jar;C:\Users\HP\.m2\repository\org\springframework\spring-jcl\5.3.16\spring-jcl-5.3.16.jar;C:\Users\HP\.m2\repository\org\springframework\security\spring-security-core\5.6.2\spring-security-core-5.6.2.jar;C:\Users\HP\.m2\repository\org\springframework\security\spring-security-crypto\5.6.2\spring-security-crypto-5.6.2.jar;C:\Users\HP\.m2\repository\org\springframework\cloud\spring-cloud-starter-netflix-eureka-client\3.1.1\spring-cloud-starter-netflix-eureka-client-3.1.1.jar;C:\Users\HP\.m2\repository\org\springframework\cloud\spring-cloud-starter\3.1.1\spring-cloud-starter-3.1.1.jar;C:\Users\HP\.m2\repository\org\springframework\cloud\spring-cloud-context\3.1.1\spring-cloud-context-3.1.1.jar;C:\Users\HP\.m2\repository\org\springframework\security\spring-security-rsa\1.0.10.RELEASE\spring-security-rsa-1.0.10.RELEASE.jar;C:\Users\HP\.m2\repository\org\bouncycastle\bcpkix-jdk15on\1.68\bcpkix-jdk15on-1.68.jar;C:\Users\HP\.m2\repository\org\bouncycastle\bcprov-jdk15on\1.68\bcprov-jdk15on-1.68.jar;C:\Users\HP\.m2\repository\org\springframework\cloud\spring-cloud-netflix-eureka-client\3.1.1\spring-cloud-netflix-eureka-client-3.1.1.jar;C:\Users\HP\.m2\repository\com\netflix\eureka\eureka-client\1.10.17\eureka-client-1.10.17.jar;C:\Users\HP\.m2\repository\com\netflix\netflix-commons\netflix-eventbus\0.3.0\netflix-eventbus-0.3.0.jar;C:\Users\HP\.m2\repository\com\netflix\netflix-commons\netflix-infix\0.3.0\netflix-infix-0.3.0.jar;C:\Users\HP\.m2\repository\commons-jxpath\commons-jxpath\1.3\commons-jxpath-1.3.jar;C:\Users\HP\.m2\repository\joda-time\joda-time\2.3\joda-time-2.3.jar;C:\Users\HP\.m2\repository\org\antlr\antlr-runtime\3.4\antlr-runtime-3.4.jar;C:\Users\HP\.m2\repository\org\antlr\stringtemplate\3.2.1\stringtemplate-3.2.1.jar;C:\Users\HP\.m2\repository\antlr\antlr\2.7.7\antlr-2.7.7.jar;C:\Users\HP\.m2\repository\com\google\code\gson\gson\2.8.9\gson-2.8.9.jar;C:\Users\HP\.m2\repository\org\apache\commons\commons-math\2.2\commons-math-2.2.jar;C:\Users\HP\.m2\repository\javax\ws\rs\jsr311-api\1.1.1\jsr311-api-1.1.1.jar;C:\Users\HP\.m2\repository\com\netflix\servo\servo-core\0.12.21\servo-core-0.12.21.jar;C:\Users\HP\.m2\repository\org\apache\httpcomponents\httpclient\4.5.13\httpclient-4.5.13.jar;C:\Users\HP\.m2\repository\org\apache\httpcomponents\httpcore\4.4.15\httpcore-4.4.15.jar;C:\Users\HP\.m2\repository\commons-codec\commons-codec\1.15\commons-codec-1.15.jar;C:\Users\HP\.m2\repository\commons-configuration\commons-configuration\1.10\commons-configuration-1.10.jar;C:\Users\HP\.m2\repository\commons-lang\commons-lang\2.6\commons-lang-2.6.jar;C:\Users\HP\.m2\repository\com\google\inject\guice\4.1.0\guice-4.1.0.jar;C:\Users\HP\.m2\repository\com\fasterxml\jackson\core\jackson-core\2.13.1\jackson-core-2.13.1.jar;C:\Users\HP\.m2\repository\org\codehaus\jettison\jettison\1.4.0\jettison-1.4.0.jar;C:\Users\HP\.m2\repository\com\netflix\eureka\eureka-core\1.10.17\eureka-core-1.10.17.jar;C:\Users\HP\.m2\repository\com\fasterxml\woodstox\woodstox-core\6.2.1\woodstox-core-6.2.1.jar;C:\Users\HP\.m2\repository\org\springframework\cloud\spring-cloud-starter-loadbalancer\3.1.1\spring-cloud-starter-loadbalancer-3.1.1.jar;C:\Users\HP\.m2\repository\org\springframework\cloud\spring-cloud-loadbalancer\3.1.1\spring-cloud-loadbalancer-3.1.1.jar;C:\Users\HP\.m2\repository\io\projectreactor\reactor-core\3.4.15\reactor-core-3.4.15.jar;C:\Users\HP\.m2\repository\org\reactivestreams\reactive-streams\1.0.3\reactive-streams-1.0.3.jar;C:\Users\HP\.m2\repository\io\projectreactor\addons\reactor-extra\3.4.6\reactor-extra-3.4.6.jar;C:\Users\HP\.m2\repository\org\springframework\boot\spring-boot-starter-cache\2.6.4\spring-boot-starter-cache-2.6.4.jar;C:\Users\HP\.m2\repository\com\stoyanr\evictor\1.0.0\evictor-1.0.0.jar;C:\Users\HP\.m2\repository\org\springframework\cloud\spring-cloud-netflix-eureka-server\1.1.6.RELEASE\spring-cloud-netflix-eureka-server-1.1.6.RELEASE.jar;C:\Users\HP\.m2\repository\org\springframework\boot\spring-boot-starter-actuator\2.6.4\spring-boot-starter-actuator-2.6.4.jar;C:\Users\HP\.m2\repository\org\springframework\boot\spring-boot-actuator-autoconfigure\2.6.4\spring-boot-actuator-autoconfigure-2.6.4.jar;C:\Users\HP\.m2\repository\org\springframework\boot\spring-boot-actuator\2.6.4\spring-boot-actuator-2.6.4.jar;C:\Users\HP\.m2\repository\io\micrometer\micrometer-core\1.8.3\micrometer-core-1.8.3.jar;C:\Users\HP\.m2\repository\org\hdrhistogram\HdrHistogram\2.1.12\HdrHistogram-2.1.12.jar;C:\Users\HP\.m2\repository\org\latencyutils\LatencyUtils\2.0.3\LatencyUtils-2.0.3.jar;C:\Users\HP\.m2\repository\org\springframework\boot\spring-boot-starter-freemarker\2.6.4\spring-boot-starter-freemarker-2.6.4.jar;C:\Users\HP\.m2\repository\org\freemarker\freemarker\2.3.31\freemarker-2.3.31.jar;C:\Users\HP\.m2\repository\org\springframework\cloud\spring-cloud-commons\3.1.1\spring-cloud-commons-3.1.1.jar;C:\Users\HP\.m2\repository\org\springframework\cloud\spring-cloud-netflix-core\1.1.6.RELEASE\spring-cloud-netflix-core-1.1.6.RELEASE.jar;C:\Users\HP\.m2\repository\com\sun\jersey\jersey-servlet\1.19.1\jersey-servlet-1.19.1.jar;C:\Users\HP\.m2\repository\com\sun\jersey\jersey-server\1.19.1\jersey-server-1.19.1.jar;C:\Users\HP\.m2\repository\com\sun\jersey\jersey-core\1.19.1\jersey-core-1.19.1.jar;C:\Users\HP\.m2\repository\com\netflix\archaius\archaius-core\0.7.4\archaius-core-0.7.4.jar;C:\Users\HP\.m2\repository\com\google\code\findbugs\jsr305\3.0.1\jsr305-3.0.1.jar;C:\Users\HP\.m2\repository\com\google\guava\guava\16.0\guava-16.0.jar;C:\Users\HP\.m2\repository\javax\inject\javax.inject\1\javax.inject-1.jar;C:\Users\HP\.m2\repository\com\fasterxml\jackson\dataformat\jackson-dataformat-xml\2.13.1\jackson-dataformat-xml-2.13.1.jar;C:\Users\HP\.m2\repository\org\codehaus\woodstox\stax2-api\4.2.1\stax2-api-4.2.1.jar;C:\Users\HP\.m2\repository\com\thoughtworks\xstream\xstream\1.4.2\xstream-1.4.2.jar;C:\Users\HP\.m2\repository\xmlpull\xmlpull\1.1.3.1\xmlpull-1.1.3.1.jar;C:\Users\HP\.m2\repository\xpp3\xpp3_min\1.1.4c\xpp3_min-1.1.4c.jar;C:\Users\HP\.m2\repository\javax\javaee-api\6.0\javaee-api-6.0.jar;C:\Users\HP\.m2\repository\io\jsonwebtoken\jjwt\0.9.1\jjwt-0.9.1.jar;C:\Users\HP\.m2\repository\com\fasterxml\jackson\core\jackson-databind\2.13.1\jackson-databind-2.13.1.jar
Launcher Type: SUN_STANDARD

[Global flags]
     intx CICompilerCount                          = 3                                         {product} {ergonomic}
     uint ConcGCThreads                            = 1                                         {product} {ergonomic}
     uint G1ConcRefinementThreads                  = 4                                         {product} {ergonomic}
   size_t G1HeapRegionSize                         = 1048576                                   {product} {ergonomic}
    uintx GCDrainStackTargetSize                   = 64                                        {product} {ergonomic}
   size_t InitialHeapSize                          = 100663296                                 {product} {ergonomic}
     bool ManagementServer                         = true                                      {product} {command line}
   size_t MarkStackSize                            = 4194304                                   {product} {ergonomic}
   size_t MaxHeapSize                              = 1581252608                                {product} {ergonomic}
   size_t MaxNewSize                               = 947912704                                 {product} {ergonomic}
   size_t MinHeapDeltaBytes                        = 1048576                                   {product} {ergonomic}
   size_t MinHeapSize                              = 8388608                                   {product} {ergonomic}
    uintx NonProfiledCodeHeapSize                  = 0                                      {pd product} {ergonomic}
     bool PerfDisableSharedMem                     = true                                      {product} {ergonomic}
     bool ProfileInterpreter                       = false                                  {pd product} {command line}
    uintx ProfiledCodeHeapSize                     = 0                                      {pd product} {ergonomic}
   size_t SoftMaxHeapSize                          = 1581252608                             {manageable} {ergonomic}
     intx TieredStopAtLevel                        = 1                                         {product} {command line}
     bool UseCompressedClassPointers               = true                           {product lp64_product} {ergonomic}
     bool UseCompressedOops                        = true                           {product lp64_product} {ergonomic}
     bool UseG1GC                                  = true                                      {product} {ergonomic}
     bool UseLargePagesIndividualAllocation        = false                                  {pd product} {ergonomic}

Logging:
Log output configuration:
 #0: stdout all=warning uptime,level,tags foldmultilines=false
 #1: stderr all=off uptime,level,tags foldmultilines=false

Environment Variables:
JAVA_HOME=C:\Program Files\Java\jdk-20
PATH=C:\Program Files\Microsoft\jdk-11.0.16.101-hotspot\bin;C:\Program Files\Common Files\Oracle\Java\javapath;C:\Program Files (x86)\Common Files\Oracle\Java\javapath;C:\Windows\system32;C:\Windows;C:\Windows\System32\Wbem;C:\Windows\System32\WindowsPowerShell\v1.0\;C:\Windows\System32\OpenSSH\;C:\Program Files (x86)\NVIDIA Corporation\PhysX\Common;C:\Program Files\nodejs\;C:\Program Files\Microsoft SQL Server\150\Tools\Binn\;C:\Program Files\Microsoft SQL Server\Client SDK\ODBC\170\Tools\Binn\;C:\Program Files\dotnet\;C:\Program Files (x86)\Windows Kits\10\Windows Performance Toolkit\;C:\gradle\gradle-8.1.1\bin\bin;C:\products\apache-maven-3.5.0 \bin;C:\Program Files\Java\jdk-20\bin;C:\Program Files\Git\cmd;C:\src\flutter\flutter\bin;C:\products\apache-maven-3.5.0 \bin;C:\Program Files\MySQL\MySQL Shell 8.0\bin\;C:\gradle\gradle-8.1.1\bin\bin;C:\Program Files\Java\jdk-20\bin;C:\Users\HP\AppData\Local\Programs\Microsoft VS Code\bin;C:\Users\HP\.dotnet\tools;
USERNAME=HP
OS=Windows_NT
PROCESSOR_IDENTIFIER=Intel64 Family 6 Model 158 Stepping 9, GenuineIntel
TMP=C:\Users\HP\AppData\Local\Temp
TEMP=C:\Users\HP\AppData\Local\Temp




---------------  S Y S T E M  ---------------

OS:
 Windows 10 , 64 bit Build 19041 (10.0.19041.3636)
OS uptime: 0 days 23:14 hours

CPU: total 4 (initial active 4) (4 cores per cpu, 1 threads per core) family 6 model 158 stepping 9 microcode 0xb4, cx8, cmov, fxsr, mmx, 3dnowpref, sse, sse2, sse3, ssse3, sse4.1, sse4.2, popcnt, lzcnt, tsc, tscinvbit, avx, avx2, aes, erms, clmul, bmi1, bmi2, adx, fma, vzeroupper, clflush, clflushopt, rdtscp, f16c

Memory: 4k page, system-wide physical 6029M (778M free)
TotalPageFile size 14733M (AvailPageFile size 6234M)
current process WorkingSet (physical memory assigned to process): 95M, peak: 95M
current process commit charge ("private bytes"): 192M, peak: 192M

vm_info: Java HotSpot(TM) 64-Bit Server VM (20.0.1+9-29) for windows-amd64 JRE (20.0.1+9-29), built on 2023-03-07T13:56:11Z by "mach5one" with MS VC++ 17.1 (VS2022)

END.
